Case #1: 2 3
Case #2: 1 4
Case #3: 4 5
Case #4: 29 46
Case #5: 11 56
Case #6: 84 240
Case #7: 413 584
Case #8: 28 80
Case #9: 380 633
Case #10: 190 242
Case #11: 1 1118
Case #12: 16 46
Case #13: 208 636
Case #14: 301 831
Case #15: 4 1067
Case #16: 49 107
Case #17: 19 375
Case #18: 1 1068
Case #19: 24 111
Case #20: 2 1049
Case #21: 2 287
Case #22: 7 70
Case #23: 4 71
Case #24: 3 199
Case #25: 2 970
Case #26: 2 586
Case #27: 1 113
Case #28: 11 511
Case #29: 8 161
Case #30: 8 44
Case #31: 2 84
Case #32: 2 60
Case #33: 9 386
Case #34: 30 384
Case #35: 1 31
Case #36: 2 441
Case #37: 9 141
Case #38: 4 115
Case #39: 2 645
Case #40: 15 17
Case #41: 7 657
Case #42: 1 50
Case #43: 5 40
Case #44: 3 355
Case #45: 34 127
Case #46: 1 717
